Build started 3/4/2016 10:46:42 PM.
     1>Project "C:\Users\Marcus\Desktop\CS3113\HW3\NYUCodebase\NYUCodebase.vcxproj" on node 2 (Build target(s)).
     1>ClCompile:
         C:\Program Files (x86)\Microsoft Visual Studio 12.0\VC\bin\CL.exe /c /IC:\SDL2\include /IC:\SDL2_image\include /IC:\glew\include /IC:\SDL2_mixer\include /ZI /nologo /W3 /WX- /sdl /Od /Oy- /D _WINDOWS /D _MBCS /D _MBCS /Gm /EHsc /RTC1 /MDd /GS /fp:precise /Zc:wchar_t /Zc:forScope /Fo"Debug\\" /Fd"Debug\vc120.pdb" /Gd /TP /analyze- /errorReport:prompt main.cpp Matrix.cpp ShaderProgram.cpp Bullet.cpp SheetSprite.cpp Ship.cpp
         Ship.cpp
         SheetSprite.cpp
         Bullet.cpp
         ShaderProgram.cpp
         Matrix.cpp
     1>c:\users\marcus\desktop\cs3113\hw3\nyucodebase\matrix.cpp(213): warning C4244: 'argument' : conversion from 'double' to 'float', possible loss of data
     1>c:\users\marcus\desktop\cs3113\hw3\nyucodebase\matrix.cpp(214): warning C4244: 'argument' : conversion from 'double' to 'float', possible loss of data
         main.cpp
     1>c:\users\marcus\desktop\cs3113\hw3\nyucodebase\main.cpp(30): warning C4018: '<' : signed/unsigned mismatch
     1>c:\users\marcus\desktop\cs3113\hw3\nyucodebase\main.cpp(96): warning C4305: 'argument' : truncation from 'double' to 'float'
     1>c:\users\marcus\desktop\cs3113\hw3\nyucodebase\main.cpp(97): warning C4305: 'argument' : truncation from 'double' to 'float'
     1>c:\users\marcus\desktop\cs3113\hw3\nyucodebase\main.cpp(98): warning C4305: 'argument' : truncation from 'double' to 'float'
     1>c:\users\marcus\desktop\cs3113\hw3\nyucodebase\main.cpp(99): warning C4305: 'argument' : truncation from 'double' to 'float'
     1>c:\users\marcus\desktop\cs3113\hw3\nyucodebase\main.cpp(145): warning C4305: 'argument' : truncation from 'double' to 'float'
         Generating Code...
       Link:
         C:\Program Files (x86)\Microsoft Visual Studio 12.0\VC\bin\link.exe /ERRORREPORT:PROMPT /OUT:"C:\Users\Marcus\Desktop\CS3113\HW3\Debug\NYUCodebase.exe" /INCREMENTAL /NOLOGO /LIBPATH:C:\SDL2_mixer\lib\x86 /LIBPATH:C:\SDL2\lib\x86 /LIBPATH:C:\SDL2_image\lib\x86 /LIBPATH:C:\glew\lib\Release\Win32 SDL2.lib SDL2_mixer.lib glew32.lib SDL2main.lib SDL2_image.lib OpenGL32.lib /MANIFEST /MANIFESTUAC:"level='asInvoker' uiAccess='false'" /manifest:embed /DEBUG /PDB:"C:\Users\Marcus\Desktop\CS3113\HW3\Debug\NYUCodebase.pdb" /SUBSYSTEM:WINDOWS /TLBID:1 /DYNAMICBASE /NXCOMPAT /IMPLIB:"C:\Users\Marcus\Desktop\CS3113\HW3\Debug\NYUCodebase.lib" /MACHINE:X86 Debug\main.obj
         Debug\Matrix.obj
         Debug\ShaderProgram.obj
         Debug\Bullet.obj
         Debug\SheetSprite.obj
         Debug\Ship.obj
     1>MSVCRTD.lib(cinitexe.obj) : warning LNK4098: defaultlib 'msvcrt.lib' conflicts with use of other libs; use /NODEFAULTLIB:library
         NYUCodebase.vcxproj -> C:\Users\Marcus\Desktop\CS3113\HW3\Debug\NYUCodebase.exe
     1>Done Building Project "C:\Users\Marcus\Desktop\CS3113\HW3\NYUCodebase\NYUCodebase.vcxproj" (Build target(s)).

Build succeeded.

Time Elapsed 00:00:15.75
